<?xml version="1.0" encoding="UTF-8"?>
<coverage generated="1463263379">
  <project timestamp="1463263379">
    <package name="Mi11er\Library\DateTime">
      <file name="/Users/mmiller/Documents/projects/mi11er/php-to-title-case/src/mi11er-library/DateTime/DateTime.php">
        <class name="DateTime" namespace="Mi11er\Library\DateTime">
          <metrics methods="1" coveredmethods="1" conditionals="0" coveredconditionals="0" statements="3" coveredstatements="3" elements="4" coveredelements="4"/>
        </class>
        <line num="51" type="method" name="format" crap="2" count="2"/>
        <line num="53" type="stmt" count="2"/>
        <line num="54" type="stmt" count="1"/>
        <line num="56" type="stmt" count="1"/>
        <metrics loc="58" ncloc="18" classes="1" methods="1" coveredmethods="1" conditionals="0" coveredconditionals="0" statements="3" coveredstatements="3" elements="4" coveredelements="4"/>
      </file>
    </package>
    <package name="Mi11er\Library\DateTime\Formatters">
      <file name="/Users/mmiller/Documents/projects/mi11er/php-to-title-case/src/mi11er-library/DateTime/Formatters/ApStyleFormatter.php">
        <class name="ApStyleFormatter" namespace="Mi11er\Library\DateTime\Formatters">
          <metrics methods="4" coveredmethods="4" conditionals="0" coveredconditionals="0" statements="27" coveredstatements="27" elements="31" coveredelements="31"/>
        </class>
        <line num="58" type="method" name="__construct" crap="1" count="3"/>
        <line num="60" type="stmt" count="3"/>
        <line num="61" type="stmt" count="3"/>
        <line num="70" type="method" name="format" crap="4" count="2"/>
        <line num="72" type="stmt" count="2"/>
        <line num="73" type="stmt" count="2"/>
        <line num="74" type="stmt" count="1"/>
        <line num="76" type="stmt" count="2"/>
        <line num="77" type="stmt" count="1"/>
        <line num="79" type="stmt" count="2"/>
        <line num="80" type="stmt" count="1"/>
        <line num="82" type="stmt" count="1"/>
        <line num="91" type="method" name="apDate" crap="4" count="1"/>
        <line num="101" type="stmt" count="1"/>
        <line num="114" type="stmt" count="1"/>
        <line num="115" type="stmt" count="1"/>
        <line num="117" type="stmt" count="1"/>
        <line num="118" type="stmt" count="1"/>
        <line num="121" type="stmt" count="1"/>
        <line num="123" type="stmt" count="1"/>
        <line num="124" type="stmt" count="1"/>
        <line num="127" type="stmt" count="1"/>
        <line num="135" type="method" name="apTime" crap="5" count="1"/>
        <line num="137" type="stmt" count="1"/>
        <line num="138" type="stmt" count="1"/>
        <line num="139" type="stmt" count="1"/>
        <line num="140" type="stmt" count="1"/>
        <line num="141" type="stmt" count="1"/>
        <line num="142" type="stmt" count="1"/>
        <line num="144" type="stmt" count="1"/>
        <line num="146" type="stmt" count="1"/>
        <metrics loc="148" ncloc="86" classes="1" methods="4" coveredmethods="4" conditionals="0" coveredconditionals="0" statements="27" coveredstatements="27" elements="31" coveredelements="31"/>
      </file>
    </package>
    <file name="/Users/mmiller/Documents/projects/mi11er/php-to-title-case/src/mi11er-library/DateTime/Formatters/DateTimeFormatterInterface.php">
      <metrics loc="47" ncloc="11" classes="0" methods="0" coveredmethods="0" conditionals="0" coveredconditionals="0" statements="0" coveredstatements="0" elements="0" coveredelements="0"/>
    </file>
    <package name="Mi11er\Library\Exception\DateTime">
      <file name="/Users/mmiller/Documents/projects/mi11er/php-to-title-case/src/mi11er-library/Exception/DateTime/InvalidFormatException.php">
        <class name="InvalidFormatException" namespace="Mi11er\Library\Exception\DateTime">
          <metrics methods="0" coveredmethods="0" conditionals="0" coveredconditionals="0" statements="0" coveredstatements="0" elements="0" coveredelements="0"/>
        </class>
        <metrics loc="39" ncloc="9" classes="1" methods="0" coveredmethods="0" conditionals="0" coveredconditionals="0" statements="0" coveredstatements="0" elements="0" coveredelements="0"/>
      </file>
    </package>
    <package name="Mi11er\Library\Text\Formatters">
      <file name="/Users/mmiller/Documents/projects/mi11er/php-to-title-case/src/mi11er-library/Text/Formatters/TitleCaseFormatter.php">
        <class name="TitleCaseFormatter" namespace="Mi11er\Library\Text\Formatters">
          <metrics methods="7" coveredmethods="7" conditionals="0" coveredconditionals="0" statements="31" coveredstatements="31" elements="38" coveredelements="38"/>
        </class>
        <line num="70" type="method" name="format" crap="1" count="1"/>
        <line num="72" type="stmt" count="1"/>
        <line num="74" type="stmt" count="1"/>
        <line num="76" type="stmt" count="1"/>
        <line num="78" type="stmt" count="1"/>
        <line num="80" type="stmt" count="1"/>
        <line num="82" type="stmt" count="1"/>
        <line num="92" type="method" name="reset" crap="1" count="1"/>
        <line num="94" type="stmt" count="1"/>
        <line num="95" type="stmt" count="1"/>
        <line num="101" type="method" name="removeHtml" crap="1" count="1"/>
        <line num="103" type="stmt" count="1"/>
        <line num="104" type="stmt" count="1"/>
        <line num="110" type="method" name="restoreHtml" crap="2" count="1"/>
        <line num="112" type="stmt" count="1"/>
        <line num="113" type="stmt" count="1"/>
        <line num="121" type="method" name="getNextOffset" crap="1" count="1"/>
        <line num="124" type="stmt" count="1"/>
        <line num="127" type="stmt" count="1"/>
        <line num="128" type="stmt" count="1"/>
        <line num="139" type="method" name="getChar" crap="2" count="1"/>
        <line num="141" type="stmt" count="1"/>
        <line num="142" type="stmt" count="1"/>
        <line num="144" type="stmt" count="1"/>
        <line num="158" type="method" name="callback" crap="9" count="1"/>
        <line num="160" type="stmt" count="1"/>
        <line num="161" type="stmt" count="1"/>
        <line num="166" type="stmt" count="1"/>
        <line num="167" type="stmt" count="1"/>
        <line num="168" type="stmt" count="1"/>
        <line num="169" type="stmt" count="1"/>
        <line num="170" type="stmt" count="1"/>
        <line num="172" type="stmt" count="1"/>
        <line num="173" type="stmt" count="1"/>
        <line num="176" type="stmt" count="1"/>
        <line num="182" type="stmt" count="1"/>
        <line num="183" type="stmt" count="1"/>
        <line num="189" type="stmt" count="1"/>
        <metrics loc="191" ncloc="82" classes="1" methods="7" coveredmethods="7" conditionals="0" coveredconditionals="0" statements="31" coveredstatements="31" elements="38" coveredelements="38"/>
      </file>
    </package>
    <metrics files="5" loc="483" ncloc="206" classes="4" methods="12" coveredmethods="12" conditionals="0" coveredconditionals="0" statements="61" coveredstatements="61" elements="73" coveredelements="73"/>
  </project>
</coverage>
